2025-10-04 18:54:00 | DEBUG | repo=system-int | action=commit
2025-08-14 08:36:00 | WARN | repo=system-int | action=commit
2025-05-18 18:13:00 | WARN | repo=system-int | action=commit
2025-11-03 17:14:00 | INFO | repo=system-int | action=commit
2025-11-20 17:37:00 | INFO | repo=system-int | action=commit
2025-11-01 12:35:00 | INFO | repo=system-int | action=pull
2025-12-09 15:22:00 | WARN | repo=system-int | action=commit
2025-10-21 18:06:00 | DEBUG | repo=system-int | action=edit | files=2
2025-12-18 15:19:00 | WARN | repo=system-int | action=commit
2025-10-09 21:43:00 | DEBUG | repo=system-int | action=edit | files=5
2025-11-17 21:49:00 | DEBUG | repo=system-int | action=commit
2025-03-14 18:14:00 | DEBUG | repo=system-int | action=commit
2025-12-19 10:19:00 | INFO | repo=system-int | action=commit
2025-04-09 07:08:00 | DEBUG | repo=system-int | action=commit
2025-10-27 17:52:00 | INFO | repo=system-int | action=commit
2025-02-02 19:48:00 | WARN | repo=system-int | action=pull
2025-09-24 10:48:00 | INFO | repo=system-int | action=commit
2025-07-18 15:56:00 | DEBUG | repo=system-int | action=commit
2025-11-14 08:38:00 | DEBUG | repo=system-int | action=commit
2025-03-23 15:56:00 | WARN | repo=system-int | action=commit
2025-05-24 07:53:00 | WARN | repo=system-int | action=commit
2025-09-18 13:09:00 | WARN | repo=system-int | action=edit | files=5
2025-06-27 11:56:00 | INFO | repo=system-int | action=commit
2025-09-20 09:12:00 | WARN | repo=system-int | action=edit | files=2
2025-07-27 09:21:00 | INFO | repo=system-int | action=pull
2025-01-22 08:21:00 | INFO | repo=system-int | action=edit | files=5
2025-10-05 08:27:00 | INFO | repo=system-int | action=commit
2025-08-22 21:17:00 | WARN | repo=system-int | action=commit
2025-02-24 19:08:00 | WARN | repo=system-int | action=commit
2025-10-10 12:02:00 | WARN | repo=system-int | action=commit
2025-08-19 15:08:00 | WARN | repo=system-int | action=commit
2025-03-08 09:11:00 | DEBUG | repo=system-int | action=commit
2025-08-09 15:16:00 | INFO | repo=system-int | action=commit
2025-06-16 19:10:00 | WARN | repo=system-int | action=test | passed=true
2025-01-25 19:45:00 | DEBUG | repo=system-int | action=commit
2025-04-18 20:10:00 | DEBUG | repo=system-int | action=commit
2025-03-28 18:32:00 | INFO | repo=system-int | action=commit
2025-12-02 12:02:00 | DEBUG | repo=system-int | action=commit
2025-02-12 20:58:00 | WARN | repo=system-int | action=commit
2025-07-01 19:42:00 | WARN | repo=system-int | action=commit
2025-09-07 20:34:00 | WARN | repo=system-int | action=commit
2025-05-11 08:27:00 | WARN | repo=system-int | action=commit
2025-07-03 21:47:00 | DEBUG | repo=system-int | action=commit
2025-10-14 09:35:00 | INFO | repo=system-int | action=test | passed=true
2025-06-15 08:26:00 | DEBUG | repo=system-int | action=commit
2025-07-04 21:27:00 | INFO | repo=system-int | action=commit
2025-01-06 19:49:00 | DEBUG | repo=system-int | action=pull
2025-06-17 13:11:00 | DEBUG | repo=system-int | action=commit
2025-01-11 20:00:00 | INFO | repo=system-int | action=commit
2025-06-06 18:03:00 | DEBUG | repo=system-int | action=pull
2025-02-15 15:46:00 | WARN | repo=system-int | action=commit
2025-04-22 11:56:00 | INFO | repo=system-int | action=commit
2025-07-27 21:44:00 | INFO | repo=system-int | action=edit | files=2
2025-03-28 14:26:00 | WARN | repo=system-int | action=edit | files=4
2025-02-10 12:54:00 | DEBUG | repo=system-int | action=commit
2025-07-28 16:46:00 | DEBUG | repo=system-int | action=test | passed=true
2025-01-04 18:44:00 | INFO | repo=system-int | action=pull
2025-12-22 21:27:00 | INFO | repo=system-int | action=commit
2025-04-23 21:15:00 | DEBUG | repo=system-int | action=commit
2025-08-12 08:17:00 | WARN | repo=system-int | action=commit
2025-11-28 20:05:00 | WARN | repo=system-int | action=commit
2025-01-01 18:10:00 | INFO | repo=system-int | action=commit
2025-04-20 21:20:00 | DEBUG | repo=system-int | action=commit
2025-12-15 21:35:00 | INFO | repo=system-int | action=commit
2025-01-10 11:01:00 | INFO | repo=system-int | action=commit
2025-09-03 17:11:00 | INFO | repo=system-int | action=commit
2025-12-13 08:13:00 | DEBUG | repo=system-int | action=commit
2025-07-15 16:22:00 | WARN | repo=system-int | action=commit
2025-04-15 20:09:00 | INFO | repo=system-int | action=test | passed=true
2025-09-05 21:23:00 | DEBUG | repo=system-int | action=commit
2025-08-04 16:37:00 | INFO | repo=system-int | action=commit
2025-11-26 20:22:00 | WARN | repo=system-int | action=pull
2025-04-21 16:53:00 | DEBUG | repo=system-int | action=test | passed=true
2025-01-21 09:54:00 | INFO | repo=system-int | action=commit
2025-07-22 09:05:00 | DEBUG | repo=system-int | action=edit | files=5
2025-02-20 08:54:00 | WARN | repo=system-int | action=commit
2025-10-12 19:06:00 | WARN | repo=system-int | action=commit
2025-02-13 07:23:00 | INFO | repo=system-int | action=commit
2025-01-01 18:31:00 | DEBUG | repo=system-int | action=commit
2025-12-07 21:13:00 | WARN | repo=system-int | action=test | passed=true
2025-11-14 15:14:00 | DEBUG | repo=system-int | action=commit
2025-03-17 09:02:00 | INFO | repo=system-int | action=commit
2025-06-22 11:06:00 | DEBUG | repo=system-int | action=commit
2025-11-28 20:41:00 | WARN | repo=system-int | action=commit
2025-10-23 07:45:00 | WARN | repo=system-int | action=commit
2025-07-15 13:57:00 | DEBUG | repo=system-int | action=commit
